<?xml version="1.0" encoding="UTF-8"?>
<!-- Generated by org.testng.reporters.JUnitReportReporter -->
<testsuite skipped="0" hostname="Admin-PC" name="FirstProject.FirstPro.Book" tests="2" failures="0" timestamp="02 Jan 2019 07:36:11 GMT" time="34.286" errors="0">
  <testcase name="reservation" time="24.404" classname="FirstProject.FirstPro.Book"/>
  <testcase name="reservation1" time="9.882" classname="FirstProject.FirstPro.Book"/>
</testsuite> <!-- FirstProject.FirstPro.Book -->
