<?xml version="1.0" encoding="UTF-8"?>
<!-- Generated by org.testng.reporters.JUnitReportReporter -->
<testsuite skipped="0" hostname="Admin-PC" name="FirstProject.FirstPro.TicketBooking" tests="1" failures="0" timestamp="02 Jan 2019 06:12:38 GMT" time="0.013" errors="0">
  <testcase name="reservation" time="0.013" classname="FirstProject.FirstPro.TicketBooking"/>
</testsuite> <!-- FirstProject.FirstPro.TicketBooking -->
